<?xml version="1.0" encoding="UTF-8"?>
<!-- Generated by org.testng.reporters.JUnitReportReporter -->
<testsuite hostname="LAPTOP-D9B72J2S" failures="0" tests="1" name="stepDefs.runner.TestNGRunnerTest" time="5.329" errors="0" timestamp="2024-07-07T11:44:34 IST" skipped="0">
  <testcase classname="stepDefs.runner.TestNGRunnerTest" name="runScenario" time="5.329"/>
</testsuite> <!-- stepDefs.runner.TestNGRunnerTest -->
